[14:47:13] [Client thread/ERROR]: Can't find the resource index file: assets\indexes\1.8.json
[14:47:13] [Client thread/INFO]: Setting user: Player576
[14:47:13] [Client thread/INFO]: (Session ID is token:0:Player576)
[14:47:14] [Client thread/INFO]: [OptiFine] *** Reflector Forge ***
[14:47:14] [Client thread/INFO]: [OptiFine] (Reflector) Class not present: mods.betterfoliage.client.BetterFoliageClient
[14:47:14] [Client thread/INFO]: [OptiFine] (Reflector) Class not present: net.minecraftforge.fml.common.asm.transformers.BlamingTransformer
[14:47:14] [Client thread/INFO]: [OptiFine] (Reflector) Class not present: net.minecraftforge.event.world.ChunkWatchEvent$UnWatch
[14:47:14] [Client thread/INFO]: [OptiFine] (Reflector) Class not present: net.minecraftforge.fml.relauncher.CoreModManager
[14:47:14] [Client thread/INFO]: [OptiFine] (Reflector) Class not present: net.minecraftforge.common.DimensionManager
[14:47:14] [Client thread/INFO]: [OptiFine] (Reflector) Class not present: net.minecraftforge.client.event.GuiScreenEvent$DrawScreenEvent$Pre
[14:47:14] [Client thread/INFO]: [OptiFine] (Reflector) Class not present: net.minecraftforge.client.event.GuiScreenEvent$DrawScreenEvent$Post
[14:47:14] [Client thread/INFO]: [OptiFine] (Reflector) Class not present: net.minecraftforge.client.event.EntityViewRenderEvent$CameraSetup
[14:47:14] [Client thread/INFO]: [OptiFine] (Reflector) Class not present: net.minecraftforge.client.event.EntityViewRenderEvent$FogColors
[14:47:14] [Client thread/INFO]: [OptiFine] (Reflector) Class not present: net.minecraftforge.fml.common.eventhandler.Event
[14:47:14] [Client thread/INFO]: [OptiFine] (Reflector) Class not present: net.minecraftforge.fml.common.eventhandler.EventBus
[14:47:14] [Client thread/INFO]: [OptiFine] (Reflector) Class not present: net.minecraftforge.fml.common.eventhandler.Event$Result
[14:47:14] [Client thread/INFO]: [OptiFine] (Reflector) Class not present: net.minecraftforge.common.property.ExtendedBlockState
[14:47:14] [Client thread/INFO]: [OptiFine] (Reflector) Class not present: net.minecraftforge.fml.client.FMLClientHandler
[14:47:14] [Client thread/INFO]: [OptiFine] (Reflector) Class not present: net.minecraftforge.fml.common.FMLCommonHandler
[14:47:14] [Client thread/INFO]: [OptiFine] (Reflector) Method not present: net.minecraft.world.biome.BiomeGenBase.getWaterColorMultiplier
[14:47:14] [Client thread/INFO]: [OptiFine] (Reflector) Method not present: net.minecraft.block.Block.addDestroyEffects
[14:47:14] [Client thread/INFO]: [OptiFine] (Reflector) Method not present: net.minecraft.block.Block.addHitEffects
[14:47:14] [Client thread/INFO]: [OptiFine] (Reflector) Method not present: net.minecraft.block.Block.canCreatureSpawn
[14:47:14] [Client thread/INFO]: [OptiFine] (Reflector) Method not present: net.minecraft.block.Block.canRenderInLayer
[14:47:14] [Client thread/INFO]: [OptiFine] (Reflector) Method not present: net.minecraft.block.Block.doesSideBlockRendering
[14:47:14] [Client thread/INFO]: [OptiFine] (Reflector) Method not present: net.minecraft.block.Block.getBedDirection
[14:47:14] [Client thread/INFO]: [OptiFine] (Reflector) Method not present: net.minecraft.block.Block.getExtendedState
[14:47:14] [Client thread/INFO]: [OptiFine] (Reflector) Method not present: net.minecraft.block.Block.getLightOpacity
[14:47:14] [Client thread/INFO]: [OptiFine] (Reflector) Method not present: net.minecraft.block.Block.getLightValue
[14:47:14] [Client thread/INFO]: [OptiFine] (Reflector) Method not present: net.minecraft.block.Block.hasTileEntity
[14:47:14] [Client thread/INFO]: [OptiFine] (Reflector) Method not present: net.minecraft.block.Block.isAir
[14:47:14] [Client thread/INFO]: [OptiFine] (Reflector) Method not present: net.minecraft.block.Block.isBed
[14:47:14] [Client thread/INFO]: [OptiFine] (Reflector) Method not present: net.minecraft.block.Block.isBedFoot
[14:47:14] [Client thread/INFO]: [OptiFine] (Reflector) Method not present: net.minecraft.block.Block.isSideSolid
[14:47:14] [Client thread/INFO]: [OptiFine] (Reflector) Method not present: net.minecraft.world.ChunkCache.isSideSolid
[14:47:14] [Client thread/INFO]: [OptiFine] (Reflector) Method not present: net.minecraft.entity.Entity.canRiderInteract
[14:47:14] [Client thread/INFO]: [OptiFine] (Reflector) Field not present: net.minecraft.entity.Entity.captureDrops
[14:47:14] [Client thread/INFO]: [OptiFine] (Reflector) Field not present: net.minecraft.entity.Entity.capturedDrops
[14:47:14] [Client thread/INFO]: [OptiFine] (Reflector) Method not present: net.minecraft.entity.Entity.shouldRenderInPass
[14:47:14] [Client thread/INFO]: [OptiFine] (Reflector) Method not present: net.minecraft.entity.Entity.shouldRiderSit
[14:47:14] [Client thread/INFO]: [OptiFine] (Reflector) Class not present: net.minecraftforge.event.ForgeEventFactory
[14:47:14] [Client thread/INFO]: [OptiFine] (Reflector) Class not present: net.minecraftforge.common.ForgeHooks
[14:47:14] [Client thread/INFO]: [OptiFine] (Reflector) Class not present: net.minecraftforge.client.ForgeHooksClient
[14:47:14] [Client thread/INFO]: [OptiFine] (Reflector) Field not present: net.minecraft.item.Item.delegate
[14:47:14] [Client thread/INFO]: [OptiFine] (Reflector) Method not present: net.minecraft.item.Item.getDurabilityForDisplay
[14:47:14] [Client thread/INFO]: [OptiFine] (Reflector) Method not present: net.minecraft.item.Item.getModel
[14:47:14] [Client thread/INFO]: [OptiFine] (Reflector) Method not present: net.minecraft.item.Item.onEntitySwing
[14:47:14] [Client thread/INFO]: [OptiFine] (Reflector) Method not present: net.minecraft.item.Item.shouldCauseReequipAnimation
[14:47:14] [Client thread/INFO]: [OptiFine] (Reflector) Method not present: net.minecraft.item.Item.showDurabilityBar
[14:47:14] [Client thread/INFO]: [OptiFine] (Reflector) Class not present: net.minecraftforge.common.ForgeModContainer
[14:47:14] [Client thread/INFO]: [OptiFine] (Reflector) Method not present: net.minecraft.potion.PotionEffect.isCurativeItem
[14:47:14] [Client thread/INFO]: [OptiFine] (Reflector) Method not present: net.minecraft.tileentity.TileEntity.canRenderBreaking
[14:47:14] [Client thread/INFO]: [OptiFine] (Reflector) Method not present: net.minecraft.tileentity.TileEntity.getRenderBoundingBox
[14:47:14] [Client thread/INFO]: [OptiFine] (Reflector) Method not present: net.minecraft.tileentity.TileEntity.hasFastRenderer
[14:47:14] [Client thread/INFO]: [OptiFine] (Reflector) Method not present: net.minecraft.tileentity.TileEntity.shouldRenderInPass
[14:47:14] [Client thread/INFO]: [OptiFine] (Reflector) Method not present: net.minecraft.client.renderer.vertex.VertexFormatElement$EnumUsage.preDraw
[14:47:14] [Client thread/INFO]: [OptiFine] (Reflector) Method not present: net.minecraft.client.renderer.vertex.VertexFormatElement$EnumUsage.postDraw
[14:47:14] [Client thread/INFO]: [OptiFine] (Reflector) Method not present: net.minecraft.world.World.countEntities
[14:47:14] [Client thread/INFO]: [OptiFine] (Reflector) Method not present: net.minecraft.world.World.getPerWorldStorage
[14:47:14] [Client thread/INFO]: [OptiFine] (Reflector) Method not present: net.minecraft.world.WorldProvider.getCloudRenderer
[14:47:14] [Client thread/INFO]: [OptiFine] (Reflector) Method not present: net.minecraft.world.WorldProvider.getSkyRenderer
[14:47:14] [Client thread/INFO]: [OptiFine] (Reflector) Method not present: net.minecraft.world.WorldProvider.getWeatherRenderer
[14:47:14] [Client thread/INFO]: [OptiFine] (Reflector) Method not present: net.minecraft.world.WorldProvider.getSaveFolder
[14:47:14] [Client thread/INFO]: [OptiFine] (Reflector) Class not present: net.minecraftforge.fml.client.GuiModList
[14:47:14] [Client thread/INFO]: [OptiFine] (Reflector) Class not present: net.minecraftforge.client.model.IColoredBakedQuad
[14:47:14] [Client thread/INFO]: [OptiFine] (Reflector) Class not present: net.minecraftforge.common.property.IExtendedBlockState
[14:47:14] [Client thread/INFO]: [OptiFine] (Reflector) Class not present: net.minecraftforge.client.model.IModel
[14:47:14] [Client thread/INFO]: [OptiFine] (Reflector) Class not present: net.minecraftforge.client.IRenderHandler
[14:47:14] [Client thread/INFO]: [OptiFine] (Reflector) Class not present: net.minecraftforge.client.ItemModelMesherForge
[14:47:14] [Client thread/INFO]: [OptiFine] (Reflector) Class not present: net.minecraft.launchwrapper.Launch
[14:47:14] [Client thread/INFO]: [OptiFine] (Reflector) Class not present: net.minecraftforge.client.model.pipeline.LightUtil
[14:47:14] [Client thread/INFO]: [OptiFine] (Reflector) Class not present: net.minecraftforge.fml.common.Loader
[14:47:14] [Client thread/INFO]: [OptiFine] (Reflector) Class not present: net.minecraftforge.common.MinecraftForge
[14:47:14] [Client thread/INFO]: [OptiFine] (Reflector) Class not present: net.minecraftforge.client.MinecraftForgeClient
[14:47:14] [Client thread/INFO]: [OptiFine] (Reflector) Class not present: net.minecraftforge.fml.common.ModContainer
[14:47:14] [Client thread/INFO]: [OptiFine] (Reflector) Class not present: net.minecraftforge.client.model.ModelLoader
[14:47:14] [Client thread/INFO]: [OptiFine] (Reflector) Class not present: net.minecraftforge.client.event.RenderBlockOverlayEvent$OverlayType
[14:47:14] [Client thread/INFO]: [OptiFine] (Reflector) Class not present: net.minecraftforge.fml.client.registry.RenderingRegistry
[14:47:14] [Client thread/INFO]: [OptiFine] (Reflector) Class not present: net.minecraftforge.client.event.RenderItemInFrameEvent
[14:47:14] [Client thread/INFO]: [OptiFine] (Reflector) Class not present: net.minecraftforge.client.event.RenderLivingEvent$Pre
[14:47:14] [Client thread/INFO]: [OptiFine] (Reflector) Class not present: net.minecraftforge.client.event.RenderLivingEvent$Post
[14:47:14] [Client thread/INFO]: [OptiFine] (Reflector) Class not present: net.minecraftforge.client.event.RenderLivingEvent$Specials$Pre
[14:47:14] [Client thread/INFO]: [OptiFine] (Reflector) Class not present: net.minecraftforge.client.event.RenderLivingEvent$Specials$Post
[14:47:14] [Client thread/INFO]: [OptiFine] (Reflector) Class not present: net.minecraftforge.fml.client.SplashProgress
[14:47:14] [Client thread/INFO]: [OptiFine] (Reflector) Class not present: net.minecraftforge.event.world.WorldEvent$Load
[14:47:14] [Client thread/INFO]: [OptiFine] *** Reflector Vanilla ***
[14:47:14] [Client thread/INFO]: [OptiFine] (Reflector) Class not present: optifine.OptiFineClassTransformer
[14:47:14] [Client thread/INFO]: LWJGL Version: 2.9.4
[14:47:15] [Client thread/INFO]: [OptiFine] 
[14:47:15] [Client thread/INFO]: [OptiFine] OptiFine_1.8.9_HD_U_L5
[14:47:15] [Client thread/INFO]: [OptiFine] Build: null
[14:47:15] [Client thread/INFO]: [OptiFine] OS: Windows 11 (amd64) version 10.0
[14:47:15] [Client thread/INFO]: [OptiFine] Java: 1.8.0_361, Oracle Corporation
[14:47:15] [Client thread/INFO]: [OptiFine] VM: Java HotSpot(TM) 64-Bit Server VM (mixed mode), Oracle Corporation
[14:47:15] [Client thread/INFO]: [OptiFine] LWJGL: 2.9.4
[14:47:15] [Client thread/INFO]: [OptiFine] OpenGL: NVIDIA GeForce GTX 1660 Ti/PCIe/SSE2, version 4.6.0 NVIDIA 531.68, NVIDIA Corporation
[14:47:15] [Client thread/INFO]: [OptiFine] OpenGL Version: 4.6.0
[14:47:15] [Client thread/INFO]: [OptiFine] Maximum texture size: 32768x32768
[14:47:15] [VersionCheck/INFO]: [OptiFine] Checking for new version
[14:47:15] [Client thread/INFO]: [Shaders] OpenGL Version: 4.6.0 NVIDIA 531.68
[14:47:15] [Client thread/INFO]: [Shaders] Vendor:  NVIDIA Corporation
[14:47:15] [Client thread/INFO]: [Shaders] Renderer: NVIDIA GeForce GTX 1660 Ti/PCIe/SSE2
[14:47:15] [Client thread/INFO]: [Shaders] Capabilities:  2.0  2.1  3.0  3.2  4.0 
[14:47:15] [Client thread/INFO]: [Shaders] GL_MAX_DRAW_BUFFERS: 8
[14:47:15] [Client thread/INFO]: [Shaders] GL_MAX_COLOR_ATTACHMENTS_EXT: 8
[14:47:15] [Client thread/INFO]: [Shaders] GL_MAX_TEXTURE_IMAGE_UNITS: 32
[14:47:15] [Client thread/INFO]: [Shaders] Load shaders configuration.
[14:47:15] [Client thread/INFO]: [Shaders] Save shaders configuration.
[14:47:15] [Client thread/INFO]: [Shaders] No shaderpack loaded.
[14:47:15] [Client thread/INFO]: Reloading ResourceManager: Default
[14:47:15] [Client thread/INFO]: [OptiFine] *** Reloading textures ***
[14:47:15] [Client thread/INFO]: [OptiFine] Resource packs: Default
[14:47:15] [Client thread/INFO]: [OptiFine] (Reflector) Class not present: net.minecraftforge.client.model.Attributes
[14:47:15] [Sound Library Loader/INFO]: Starting up SoundSystem...
[14:47:15] [VersionCheck/INFO]: [OptiFine] Version found: M5
[14:47:15] [Thread-6/INFO]: Initializing LWJGL OpenAL
[14:47:15] [Thread-6/INFO]: (The LWJGL binding of OpenAL.  For more information, see http://www.lwjgl.org)
[14:47:15] [Thread-6/ERROR]: Error in class 'LibraryLWJGLOpenAL'
[14:47:15] [Thread-6/ERROR]: Unable to initialize OpenAL.  Probable cause: OpenAL not supported.
[14:47:15] [Thread-6/WARN]: ERROR MESSAGE:
[14:47:15] [Thread-6/INFO]: Could not locate OpenAL library.
[14:47:15] [Thread-6/WARN]: STACK TRACE:
[14:47:15] [Thread-6/INFO]: org.lwjgl.openal.AL.create(AL.java:156)
[14:47:15] [Thread-6/INFO]: org.lwjgl.openal.AL.create(AL.java:102)
[14:47:15] [Thread-6/INFO]: org.lwjgl.openal.AL.create(AL.java:206)
[14:47:15] [Thread-6/INFO]: paulscode.sound.libraries.LibraryLWJGLOpenAL.init(LibraryLWJGLOpenAL.java:164)
[14:47:15] [Thread-6/INFO]: paulscode.sound.SoundSystem.CommandNewLibrary(SoundSystem.java:1576)
[14:47:15] [Thread-6/INFO]: paulscode.sound.SoundSystem.CommandQueue(SoundSystem.java:2572)
[14:47:15] [Thread-6/INFO]: paulscode.sound.CommandThread.run(CommandThread.java:121)
[14:47:16] [Sound Library Loader/WARN]: ERROR MESSAGE:
[14:47:16] [Sound Library Loader/INFO]: Could not locate OpenAL library.
[14:47:16] [Sound Library Loader/INFO]: Starting up SoundSystem...
[14:47:16] [Thread-8/INFO]: Switching to No Sound
[14:47:16] [Thread-8/INFO]: (Silent Mode)
[14:47:16] [Sound Library Loader/INFO]: Sound engine started
[14:47:17] [Client thread/INFO]: [OptiFine] Mipmap levels: 4
[14:47:17] [Client thread/INFO]: [OptiFine] Multitexture: false
[14:47:17] [Client thread/INFO]: [OptiFine] ConnectedTextures: mcpatcher/ctm/default/0_glass_white/glass_pane_white.properties
[14:47:17] [Client thread/INFO]: [OptiFine] ConnectedTextures: mcpatcher/ctm/default/0_glass_white/glass_white.properties
[14:47:17] [Client thread/INFO]: [OptiFine] ConnectedTextures: mcpatcher/ctm/default/10_glass_purple/glass_pane_purple.properties
[14:47:17] [Client thread/INFO]: [OptiFine] ConnectedTextures: mcpatcher/ctm/default/10_glass_purple/glass_purple.properties
[14:47:17] [Client thread/INFO]: [OptiFine] ConnectedTextures: mcpatcher/ctm/default/11_glass_blue/glass_blue.properties
[14:47:17] [Client thread/INFO]: [OptiFine] ConnectedTextures: mcpatcher/ctm/default/11_glass_blue/glass_pane_blue.properties
[14:47:17] [Client thread/INFO]: [OptiFine] ConnectedTextures: mcpatcher/ctm/default/12_glass_brown/glass_brown.properties
[14:47:17] [Client thread/INFO]: [OptiFine] ConnectedTextures: mcpatcher/ctm/default/12_glass_brown/glass_pane_brown.properties
[14:47:17] [Client thread/INFO]: [OptiFine] ConnectedTextures: mcpatcher/ctm/default/13_glass_green/glass_green.properties
[14:47:17] [Client thread/INFO]: [OptiFine] ConnectedTextures: mcpatcher/ctm/default/13_glass_green/glass_pane_green.properties
[14:47:17] [Client thread/INFO]: [OptiFine] ConnectedTextures: mcpatcher/ctm/default/14_glass_red/glass_pane_red.properties
[14:47:18] [Client thread/INFO]: [OptiFine] ConnectedTextures: mcpatcher/ctm/default/14_glass_red/glass_red.properties
[14:47:18] [Client thread/INFO]: [OptiFine] ConnectedTextures: mcpatcher/ctm/default/15_glass_black/glass_black.properties
[14:47:18] [Client thread/INFO]: [OptiFine] ConnectedTextures: mcpatcher/ctm/default/15_glass_black/glass_pane_black.properties
[14:47:18] [Client thread/INFO]: [OptiFine] ConnectedTextures: mcpatcher/ctm/default/1_glass_orange/glass_orange.properties
[14:47:18] [Client thread/INFO]: [OptiFine] ConnectedTextures: mcpatcher/ctm/default/1_glass_orange/glass_pane_orange.properties
[14:47:18] [Client thread/INFO]: [OptiFine] ConnectedTextures: mcpatcher/ctm/default/2_glass_magenta/glass_magenta.properties
[14:47:18] [Client thread/INFO]: [OptiFine] ConnectedTextures: mcpatcher/ctm/default/2_glass_magenta/glass_pane_magenta.properties
[14:47:18] [Client thread/INFO]: [OptiFine] ConnectedTextures: mcpatcher/ctm/default/3_glass_light_blue/glass_light_blue.properties
[14:47:18] [Client thread/INFO]: [OptiFine] ConnectedTextures: mcpatcher/ctm/default/3_glass_light_blue/glass_pane_light_blue.properties
[14:47:18] [Client thread/INFO]: [OptiFine] ConnectedTextures: mcpatcher/ctm/default/4_glass_yellow/glass_pane_yellow.properties
[14:47:18] [Client thread/INFO]: [OptiFine] ConnectedTextures: mcpatcher/ctm/default/4_glass_yellow/glass_yellow.properties
[14:47:18] [Client thread/INFO]: [OptiFine] ConnectedTextures: mcpatcher/ctm/default/5_glass_lime/glass_lime.properties
[14:47:18] [Client thread/INFO]: [OptiFine] ConnectedTextures: mcpatcher/ctm/default/5_glass_lime/glass_pane_lime.properties
[14:47:18] [Client thread/INFO]: [OptiFine] ConnectedTextures: mcpatcher/ctm/default/6_glass_pink/glass_pane_pink.properties
[14:47:18] [Client thread/INFO]: [OptiFine] ConnectedTextures: mcpatcher/ctm/default/6_glass_pink/glass_pink.properties
[14:47:18] [Client thread/INFO]: [OptiFine] ConnectedTextures: mcpatcher/ctm/default/7_glass_gray/glass_gray.properties
[14:47:18] [Client thread/INFO]: [OptiFine] ConnectedTextures: mcpatcher/ctm/default/7_glass_gray/glass_pane_gray.properties
[14:47:18] [Client thread/INFO]: [OptiFine] ConnectedTextures: mcpatcher/ctm/default/8_glass_silver/glass_pane_silver.properties
[14:47:18] [Client thread/INFO]: [OptiFine] ConnectedTextures: mcpatcher/ctm/default/8_glass_silver/glass_silver.properties
[14:47:18] [Client thread/INFO]: [OptiFine] ConnectedTextures: mcpatcher/ctm/default/9_glass_cyan/glass_cyan.properties
[14:47:18] [Client thread/INFO]: [OptiFine] ConnectedTextures: mcpatcher/ctm/default/9_glass_cyan/glass_pane_cyan.properties
[14:47:18] [Client thread/INFO]: [OptiFine] ConnectedTextures: mcpatcher/ctm/default/bookshelf.properties
[14:47:18] [Client thread/INFO]: [OptiFine] ConnectedTextures: mcpatcher/ctm/default/glass.properties
[14:47:18] [Client thread/INFO]: [OptiFine] ConnectedTextures: mcpatcher/ctm/default/glasspane.properties
[14:47:18] [Client thread/INFO]: [OptiFine] ConnectedTextures: mcpatcher/ctm/default/sandstone.properties
[14:47:18] [Client thread/INFO]: [OptiFine] Multipass connected textures: false
[14:47:18] [Client thread/INFO]: [OptiFine] BetterGrass: Parsing default configuration optifine/bettergrass.properties
[14:47:19] [Client thread/INFO]: Created: 1024x512 textures-atlas
[14:47:19] [Client thread/INFO]: [OptiFine] Animated sprites: 11
[14:47:21] [Client thread/ERROR]: Realms module missing
java.lang.ClassNotFoundException: com.mojang.realmsclient.gui.screens.RealmsNotificationsScreen
	at java.net.URLClassLoader.findClass(URLClassLoader.java:387) ~[?:1.8.0_361]
	at java.lang.ClassLoader.loadClass(ClassLoader.java:418) ~[?:1.8.0_361]
	at sun.misc.Launcher$AppClassLoader.loadClass(Launcher.java:355) ~[?:1.8.0_361]
	at java.lang.ClassLoader.loadClass(ClassLoader.java:351) ~[?:1.8.0_361]
	at java.lang.Class.forName0(Native Method) ~[?:1.8.0_361]
	at java.lang.Class.forName(Class.java:264) ~[?:1.8.0_361]
	at net.minecraft.realms.RealmsBridge.getNotificationScreen(RealmsBridge.java:38) [classes/:?]
	at net.minecraft.client.gui.GuiMainMenu.initGui(GuiMainMenu.java:255) [classes/:?]
	at net.minecraft.client.gui.GuiScreen.setWorldAndResolution(GuiScreen.java:551) [classes/:?]
	at net.minecraft.client.Minecraft.displayGuiScreen(Minecraft.java:1000) [classes/:?]
	at net.minecraft.client.Minecraft.startGame(Minecraft.java:575) [classes/:?]
	at net.minecraft.client.Minecraft.run(Minecraft.java:403) [classes/:?]
	at net.minecraft.client.main.Main.main(Main.java:113) [classes/:?]
	at Start.main(Start.java:11) [classes/:?]
[14:47:21] [Client thread/WARN]: Unable to play unknown soundEvent: minecraft:music.menu
[14:47:21] [Client thread/WARN]: Unable to play unknown soundEvent: minecraft:music.menu
[14:47:21] [Client thread/INFO]: [OptiFine] *** Reloading custom textures ***
[14:47:21] [Client thread/INFO]: [OptiFine] Enable face culling: acacia_leaves, birch_leaves, dark_oak_leaves, jungle_leaves, oak_leaves, spruce_leaves
[14:47:33] [Client thread/WARN]: Unable to play unknown soundEvent: minecraft:gui.button.press
[14:47:43] [Client thread/INFO]: Connecting to eu.loyisa.cn, 25565
[14:47:43] [Client thread/WARN]: Unable to play unknown soundEvent: minecraft:music.menu
[14:47:44] [Client thread/INFO]: [CHAT]        
[14:47:44] [Client thread/INFO]: [CHAT] [+] Kellohylly
[14:47:44] [Client thread/INFO]: [CHAT] A new §eOptiFine§f version is available: §e§nHD Ultra M5§r§f
[14:47:44] [Client thread/INFO]: [CHAT] Diona >> Client brändisi on vanilla
[14:47:44] [Client thread/WARN]: Unable to play unknown soundEvent: minecraft:liquid.lavapop
[14:47:45] [Client thread/WARN]: Unable to play unknown soundEvent: minecraft:liquid.lavapop
[14:47:46] [Client thread/WARN]: Unable to play unknown soundEvent: minecraft:step.stone
[14:47:46] [Client thread/WARN]: Unable to play unknown soundEvent: minecraft:step.stone
[14:47:47] [Client thread/WARN]: Unable to play unknown soundEvent: minecraft:step.stone
[14:47:47] [Client thread/WARN]: Unable to play unknown soundEvent: minecraft:liquid.lavapop
[14:47:47] [Client thread/WARN]: Unable to play unknown soundEvent: minecraft:liquid.lavapop
[14:47:47] [Client thread/WARN]: Unable to play unknown soundEvent: minecraft:step.stone
[14:47:48] [Client thread/WARN]: Unable to play unknown soundEvent: minecraft:step.stone
[14:47:48] [Client thread/WARN]: Unable to play unknown soundEvent: minecraft:step.stone
[14:47:49] [Client thread/WARN]: Unable to play unknown soundEvent: minecraft:step.stone
[14:47:49] [Client thread/WARN]: Unable to play unknown soundEvent: minecraft:liquid.lava
[14:47:49] [Client thread/WARN]: Unable to play unknown soundEvent: minecraft:step.stone
[14:47:49] [Client thread/WARN]: Unable to play unknown soundEvent: minecraft:step.stone
[14:47:50] [Client thread/WARN]: Unable to play unknown soundEvent: minecraft:step.stone
[14:47:50] [Client thread/WARN]: Unable to play unknown soundEvent: minecraft:step.stone
[14:47:51] [Client thread/WARN]: Unable to play unknown soundEvent: minecraft:step.stone
[14:47:51] [Client thread/WARN]: Unable to play unknown soundEvent: minecraft:step.stone
[14:47:52] [Client thread/WARN]: Unable to play unknown soundEvent: minecraft:step.stone
[14:47:52] [Client thread/WARN]: Unable to play unknown soundEvent: minecraft:step.stone
[14:48:04] [Client thread/WARN]: Unable to play unknown soundEvent: minecraft:music.game
[14:48:37] [Client thread/INFO]: [CHAT] Diona >> Our Discord: https://discord.gg/fdmkfts
[14:48:39] [Client thread/INFO]: [CHAT] [-] _4i
[14:48:53] [Client thread/INFO]: [CHAT] [-] GuestLoki865644
[14:49:18] [Client thread/INFO]: [CHAT] [-] LimeClarinet
[14:49:29] [Client thread/INFO]: [CHAT] [+] LimeClarinet
[14:50:03] [Client thread/INFO]: [CHAT] [+] GuestLoki865644
[14:50:27] [Client thread/INFO]: [CHAT] [-] Nya_L3FuVq
[14:50:32] [Client thread/INFO]: [CHAT] [+] Nya_L3FuVq
[14:50:37] [Client thread/INFO]: [CHAT] [-] GuestLoki865644
[14:50:45] [Client thread/INFO]: [CHAT] Diona >> Our Discord: https://discord.gg/fdmkfts
[14:50:50] [Client thread/INFO]: [CHAT] [-] Nya_L3FuVq
[14:50:53] [Client thread/INFO]: [CHAT] [+] Lacia_Noob
[14:50:54] [Client thread/INFO]: [CHAT] [+] Nya_L3FuVq
[14:51:17] [Client thread/INFO]: Stopping!
[14:51:17] [Client thread/INFO]: SoundSystem shutting down...
[14:51:17] [Client thread/WARN]: Author: Paul Lamb, www.paulscode.com
